<?xml version="1.0" encoding="UTF-8"?>
<mutations>
<mutation detected='false' status='SURVIVED' numberOfTestsRun='0'><sourceFile>Triangle.java</sourceFile><mutatedClass>com.triangle.Triangle</mutatedClass><mutatedMethod>classify</mutatedMethod><methodDescription>(III)Lcom/triangle/Triangle$Type;</methodDescription><lineNumber>20</lineNumber><mutator>org.pitest.mutationtest.engine.gregor.mutators.ConditionalsBoundaryMutator</mutator><index>4</index><block>1</block><killingTest/><description>changed conditional boundary</description></mutation>
<mutation detected='false' status='SURVIVED' numberOfTestsRun='0'><sourceFile>Triangle.java</sourceFile><mutatedClass>com.triangle.Triangle</mutatedClass><mutatedMethod>classify</mutatedMethod><methodDescription>(III)Lcom/triangle/Triangle$Type;</methodDescription><lineNumber>20</lineNumber><mutator>org.pitest.mutationtest.engine.gregor.mutators.ConditionalsBoundaryMutator</mutator><index>6</index><block>2</block><killingTest/><description>changed conditional boundary</description></mutation>
<mutation detected='false' status='SURVIVED' numberOfTestsRun='0'><sourceFile>Triangle.java</sourceFile><mutatedClass>com.triangle.Triangle</mutatedClass><mutatedMethod>classify</mutatedMethod><methodDescription>(III)Lcom/triangle/Triangle$Type;</methodDescription><lineNumber>47</lineNumber><mutator>org.pitest.mutationtest.engine.gregor.mutators.ConditionalsBoundaryMutator</mutator><index>136</index><block>23</block><killingTest/><description>changed conditional boundary</description></mutation>
<mutation detected='true' status='KILLED' numberOfTestsRun='0'><sourceFile>Triangle.java</sourceFile><mutatedClass>com.triangle.Triangle</mutatedClass><mutatedMethod>classify</mutatedMethod><methodDescription>(III)Lcom/triangle/Triangle$Type;</methodDescription><lineNumber>23</lineNumber><mutator>org.pitest.mutationtest.engine.gregor.mutators.InlineConstantMutator</mutator><index>17</index><block>5</block><killingTest>com.triangle.TriangleTest.InvalidIsoscelesLongBTest(com.triangle.TriangleTest)</killingTest><description>Substituted 0 with 1</description></mutation>
<mutation detected='true' status='KILLED' numberOfTestsRun='0'><sourceFile>Triangle.java</sourceFile><mutatedClass>com.triangle.Triangle</mutatedClass><mutatedMethod>classify</mutatedMethod><methodDescription>(III)Lcom/triangle/Triangle$Type;</methodDescription><lineNumber>28</lineNumber><mutator>org.pitest.mutationtest.engine.gregor.mutators.InlineConstantMutator</mutator><index>39</index><block>7</block><killingTest>com.triangle.TriangleTest.InvalidIsoscelesLongBTest(com.triangle.TriangleTest)</killingTest><description>Substituted 2 with 3</description></mutation>
<mutation detected='true' status='KILLED' numberOfTestsRun='0'><sourceFile>Triangle.java</sourceFile><mutatedClass>com.triangle.Triangle</mutatedClass><mutatedMethod>classify</mutatedMethod><methodDescription>(III)Lcom/triangle/Triangle$Type;</methodDescription><lineNumber>31</lineNumber><mutator>org.pitest.mutationtest.engine.gregor.mutators.InlineConstantMutator</mutator><index>51</index><block>8</block><killingTest>com.triangle.TriangleTest.IsoscelesBCTest(com.triangle.TriangleTest)</killingTest><description>Substituted 3 with 4</description></mutation>
<mutation detected='true' status='KILLED' numberOfTestsRun='0'><sourceFile>Triangle.java</sourceFile><mutatedClass>com.triangle.Triangle</mutatedClass><mutatedMethod>classify</mutatedMethod><methodDescription>(III)Lcom/triangle/Triangle$Type;</methodDescription><lineNumber>45</lineNumber><mutator>org.pitest.mutationtest.engine.gregor.mutators.rv.ABSMutator</mutator><index>114</index><block>19</block><killingTest>com.triangle.TriangleTest.IsoscelesACTest(com.triangle.TriangleTest)</killingTest><description>Negated integer local variable number 3</description></mutation>
<mutation detected='false' status='SURVIVED' numberOfTestsRun='0'><sourceFile>Triangle.java</sourceFile><mutatedClass>com.triangle.Triangle</mutatedClass><mutatedMethod>classify</mutatedMethod><methodDescription>(III)Lcom/triangle/Triangle$Type;</methodDescription><lineNumber>43</lineNumber><mutator>org.pitest.mutationtest.engine.gregor.mutators.rv.UOI3Mutator</mutator><index>105</index><block>17</block><killingTest/><description>Incremented (++a) integer local variable number 2</description></mutation>
<mutation detected='true' status='KILLED' numberOfTestsRun='0'><sourceFile>Triangle.java</sourceFile><mutatedClass>com.triangle.Triangle</mutatedClass><mutatedMethod>classify</mutatedMethod><methodDescription>(III)Lcom/triangle/Triangle$Type;</methodDescription><lineNumber>45</lineNumber><mutator>org.pitest.mutationtest.engine.gregor.mutators.rv.UOI3Mutator</mutator><index>114</index><block>19</block><killingTest>com.triangle.TriangleTest.InvalidIsoscelesLongBTest(com.triangle.TriangleTest)</killingTest><description>Incremented (++a) integer local variable number 3</description></mutation>
<mutation detected='false' status='SURVIVED' numberOfTestsRun='0'><sourceFile>Triangle.java</sourceFile><mutatedClass>com.triangle.Triangle</mutatedClass><mutatedMethod>classify</mutatedMethod><methodDescription>(III)Lcom/triangle/Triangle$Type;</methodDescription><lineNumber>45</lineNumber><mutator>org.pitest.mutationtest.engine.gregor.mutators.rv.UOI3Mutator</mutator><index>117</index><block>20</block><killingTest/><description>Incremented (++a) integer local variable number 0</description></mutation>
<mutation detected='false' status='SURVIVED' numberOfTestsRun='0'><sourceFile>Triangle.java</sourceFile><mutatedClass>com.triangle.Triangle</mutatedClass><mutatedMethod>classify</mutatedMethod><methodDescription>(III)Lcom/triangle/Triangle$Type;</methodDescription><lineNumber>45</lineNumber><mutator>org.pitest.mutationtest.engine.gregor.mutators.rv.UOI3Mutator</mutator><index>118</index><block>20</block><killingTest/><description>Incremented (++a) integer local variable number 2</description></mutation>
<mutation detected='false' status='SURVIVED' numberOfTestsRun='0'><sourceFile>Triangle.java</sourceFile><mutatedClass>com.triangle.Triangle</mutatedClass><mutatedMethod>classify</mutatedMethod><methodDescription>(III)Lcom/triangle/Triangle$Type;</methodDescription><lineNumber>45</lineNumber><mutator>org.pitest.mutationtest.engine.gregor.mutators.rv.UOI3Mutator</mutator><index>120</index><block>20</block><killingTest/><description>Incremented (++a) integer local variable number 1</description></mutation>
<mutation detected='true' status='KILLED' numberOfTestsRun='0'><sourceFile>Triangle.java</sourceFile><mutatedClass>com.triangle.Triangle</mutatedClass><mutatedMethod>classify</mutatedMethod><methodDescription>(III)Lcom/triangle/Triangle$Type;</methodDescription><lineNumber>47</lineNumber><mutator>org.pitest.mutationtest.engine.gregor.mutators.rv.UOI3Mutator</mutator><index>129</index><block>22</block><killingTest>com.triangle.TriangleTest.InvalidIsoscelesLongBTest(com.triangle.TriangleTest)</killingTest><description>Incremented (++a) integer local variable number 3</description></mutation>
<mutation detected='false' status='SURVIVED' numberOfTestsRun='0'><sourceFile>Triangle.java</sourceFile><mutatedClass>com.triangle.Triangle</mutatedClass><mutatedMethod>classify</mutatedMethod><methodDescription>(III)Lcom/triangle/Triangle$Type;</methodDescription><lineNumber>47</lineNumber><mutator>org.pitest.mutationtest.engine.gregor.mutators.rv.UOI3Mutator</mutator><index>132</index><block>23</block><killingTest/><description>Incremented (++a) integer local variable number 1</description></mutation>
<mutation detected='false' status='SURVIVED' numberOfTestsRun='0'><sourceFile>Triangle.java</sourceFile><mutatedClass>com.triangle.Triangle</mutatedClass><mutatedMethod>classify</mutatedMethod><methodDescription>(III)Lcom/triangle/Triangle$Type;</methodDescription><lineNumber>47</lineNumber><mutator>org.pitest.mutationtest.engine.gregor.mutators.rv.UOI3Mutator</mutator><index>133</index><block>23</block><killingTest/><description>Incremented (++a) integer local variable number 2</description></mutation>
<mutation detected='false' status='SURVIVED' numberOfTestsRun='0'><sourceFile>Triangle.java</sourceFile><mutatedClass>com.triangle.Triangle</mutatedClass><mutatedMethod>classify</mutatedMethod><methodDescription>(III)Lcom/triangle/Triangle$Type;</methodDescription><lineNumber>47</lineNumber><mutator>org.pitest.mutationtest.engine.gregor.mutators.rv.UOI3Mutator</mutator><index>135</index><block>23</block><killingTest/><description>Incremented (++a) integer local variable number 0</description></mutation>
<mutation detected='true' status='KILLED' numberOfTestsRun='0'><sourceFile>Triangle.java</sourceFile><mutatedClass>com.triangle.Triangle</mutatedClass><mutatedMethod>classify</mutatedMethod><methodDescription>(III)Lcom/triangle/Triangle$Type;</methodDescription><lineNumber>20</lineNumber><mutator>org.pitest.mutationtest.engine.gregor.mutators.rv.UOI4Mutator</mutator><index>3</index><block>1</block><killingTest>com.triangle.TriangleTest.IsoscelesABTest(com.triangle.TriangleTest)</killingTest><description>Decremented (--a) integer local variable number 0</description></mutation>
<mutation detected='true' status='KILLED' numberOfTestsRun='0'><sourceFile>Triangle.java</sourceFile><mutatedClass>com.triangle.Triangle</mutatedClass><mutatedMethod>classify</mutatedMethod><methodDescription>(III)Lcom/triangle/Triangle$Type;</methodDescription><lineNumber>24</lineNumber><mutator>org.pitest.mutationtest.engine.gregor.mutators.rv.UOI4Mutator</mutator><index>22</index><block>5</block><killingTest>com.triangle.TriangleTest.IsoscelesABTest(com.triangle.TriangleTest)</killingTest><description>Decremented (--a) integer local variable number 1</description></mutation>
<mutation detected='true' status='KILLED' numberOfTestsRun='0'><sourceFile>Triangle.java</sourceFile><mutatedClass>com.triangle.Triangle</mutatedClass><mutatedMethod>classify</mutatedMethod><methodDescription>(III)Lcom/triangle/Triangle$Type;</methodDescription><lineNumber>25</lineNumber><mutator>org.pitest.mutationtest.engine.gregor.mutators.rv.UOI4Mutator</mutator><index>26</index><block>6</block><killingTest>com.triangle.TriangleTest.IsoscelesABTest(com.triangle.TriangleTest)</killingTest><description>Decremented (--a) integer local variable number 3</description></mutation>
</mutations>
